{"/home/jakefear/source/wealthview/shared/src/format.ts": {"path":"/home/jakefear/source/wealthview/shared/src/format.ts","all":false,"statementMap":{"1":{"start":{"line":2,"column":0},"end":{"line":2,"column":52}},"2":{"start":{"line":3,"column":0},"end":{"line":3,"column":55}},"3":{"start":{"line":4,"column":0},"end":{"line":4,"column":1}},"5":{"start":{"line":6,"column":0},"end":{"line":6,"column":81}},"6":{"start":{"line":7,"column":0},"end":{"line":7,"column":89}},"7":{"start":{"line":8,"column":0},"end":{"line":8,"column":1}},"10":{"start":{"line":11,"column":0},"end":{"line":11,"column":61}},"11":{"start":{"line":12,"column":0},"end":{"line":12,"column":37}},"12":{"start":{"line":13,"column":0},"end":{"line":13,"column":1}},"15":{"start":{"line":16,"column":0},"end":{"line":16,"column":69}},"16":{"start":{"line":17,"column":0},"end":{"line":17,"column":30}},"17":{"start":{"line":18,"column":0},"end":{"line":18,"column":46}},"18":{"start":{"line":19,"column":0},"end":{"line":19,"column":33}},"19":{"start":{"line":20,"column":0},"end":{"line":20,"column":45}},"20":{"start":{"line":21,"column":0},"end":{"line":21,"column":54}},"22":{"start":{"line":23,"column":0},"end":{"line":23,"column":51}},"23":{"start":{"line":24,"column":0},"end":{"line":24,"column":52}},"24":{"start":{"line":25,"column":0},"end":{"line":25,"column":58}},"25":{"start":{"line":26,"column":0},"end":{"line":26,"column":69}},"26":{"start":{"line":27,"column":0},"end":{"line":27,"column":5}},"27":{"start":{"line":28,"column":0},"end":{"line":28,"column":68}},"28":{"start":{"line":29,"column":0},"end":{"line":29,"column":27}},"29":{"start":{"line":30,"column":0},"end":{"line":30,"column":74}},"30":{"start":{"line":31,"column":0},"end":{"line":31,"column":37}},"31":{"start":{"line":32,"column":0},"end":{"line":32,"column":5}},"32":{"start":{"line":33,"column":0},"end":{"line":33,"column":21}},"33":{"start":{"line":34,"column":0},"end":{"line":34,"column":1}}},"s":{"1":1,"2":4,"3":4,"5":1,"6":3,"7":3,"10":1,"11":4,"12":4,"15":1,"16":15,"17":15,"18":13,"19":13,"20":15,"22":15,"23":9,"24":15,"25":2,"26":2,"27":13,"28":15,"29":3,"30":3,"31":3,"32":10,"33":10},"branchMap":{"0":{"type":"branch","line":2,"loc":{"start":{"line":2,"column":7},"end":{"line":4,"column":1}},"locations":[{"start":{"line":2,"column":7},"end":{"line":4,"column":1}}]},"1":{"type":"branch","line":6,"loc":{"start":{"line":6,"column":7},"end":{"line":8,"column":1}},"locations":[{"start":{"line":6,"column":7},"end":{"line":8,"column":1}}]},"2":{"type":"branch","line":11,"loc":{"start":{"line":11,"column":7},"end":{"line":13,"column":1}},"locations":[{"start":{"line":11,"column":7},"end":{"line":13,"column":1}}]},"3":{"type":"branch","line":16,"loc":{"start":{"line":16,"column":7},"end":{"line":34,"column":1}},"locations":[{"start":{"line":16,"column":7},"end":{"line":34,"column":1}}]},"4":{"type":"branch","line":18,"loc":{"start":{"line":18,"column":16},"end":{"line":18,"column":35}},"locations":[{"start":{"line":18,"column":16},"end":{"line":18,"column":35}}]},"5":{"type":"branch","line":18,"loc":{"start":{"line":18,"column":35},"end":{"line":18,"column":46}},"locations":[{"start":{"line":18,"column":35},"end":{"line":18,"column":46}}]},"6":{"type":"branch","line":18,"loc":{"start":{"line":18,"column":42},"end":{"line":21,"column":43}},"locations":[{"start":{"line":18,"column":42},"end":{"line":21,"column":43}}]},"7":{"type":"branch","line":21,"loc":{"start":{"line":21,"column":43},"end":{"line":21,"column":54}},"locations":[{"start":{"line":21,"column":43},"end":{"line":21,"column":54}}]},"8":{"type":"branch","line":21,"loc":{"start":{"line":21,"column":50},"end":{"line":23,"column":30}},"locations":[{"start":{"line":21,"column":50},"end":{"line":23,"column":30}}]},"9":{"type":"branch","line":23,"loc":{"start":{"line":23,"column":25},"end":{"line":23,"column":50}},"locations":[{"start":{"line":23,"column":25},"end":{"line":23,"column":50}}]},"10":{"type":"branch","line":23,"loc":{"start":{"line":23,"column":50},"end":{"line":25,"column":15}},"locations":[{"start":{"line":23,"column":50},"end":{"line":25,"column":15}}]},"11":{"type":"branch","line":24,"loc":{"start":{"line":24,"column":43},"end":{"line":24,"column":52}},"locations":[{"start":{"line":24,"column":43},"end":{"line":24,"column":52}}]},"12":{"type":"branch","line":25,"loc":{"start":{"line":25,"column":4},"end":{"line":27,"column":5}},"locations":[{"start":{"line":25,"column":4},"end":{"line":27,"column":5}}]},"13":{"type":"branch","line":25,"loc":{"start":{"line":25,"column":32},"end":{"line":25,"column":57}},"locations":[{"start":{"line":25,"column":32},"end":{"line":25,"column":57}}]},"14":{"type":"branch","line":25,"loc":{"start":{"line":25,"column":57},"end":{"line":27,"column":5}},"locations":[{"start":{"line":25,"column":57},"end":{"line":27,"column":5}}]},"15":{"type":"branch","line":26,"loc":{"start":{"line":26,"column":59},"end":{"line":26,"column":69}},"locations":[{"start":{"line":26,"column":59},"end":{"line":26,"column":69}}]},"16":{"type":"branch","line":27,"loc":{"start":{"line":27,"column":4},"end":{"line":29,"column":26}},"locations":[{"start":{"line":27,"column":4},"end":{"line":29,"column":26}}]},"17":{"type":"branch","line":29,"loc":{"start":{"line":29,"column":26},"end":{"line":32,"column":5}},"locations":[{"start":{"line":29,"column":26},"end":{"line":32,"column":5}}]},"18":{"type":"branch","line":30,"loc":{"start":{"line":30,"column":38},"end":{"line":30,"column":65}},"locations":[{"start":{"line":30,"column":38},"end":{"line":30,"column":65}}]},"19":{"type":"branch","line":30,"loc":{"start":{"line":30,"column":61},"end":{"line":30,"column":74}},"locations":[{"start":{"line":30,"column":61},"end":{"line":30,"column":74}}]},"20":{"type":"branch","line":32,"loc":{"start":{"line":32,"column":4},"end":{"line":34,"column":1}},"locations":[{"start":{"line":32,"column":4},"end":{"line":34,"column":1}}]}},"b":{"0":[4],"1":[3],"2":[4],"3":[15],"4":[14],"5":[2],"6":[13],"7":[0],"8":[13],"9":[12],"10":[9],"11":[1],"12":[4],"13":[2],"14":[2],"15":[0],"16":[13],"17":[3],"18":[1],"19":[2],"20":[10]},"fnMap":{"0":{"name":"toPercent","decl":{"start":{"line":2,"column":7},"end":{"line":4,"column":1}},"loc":{"start":{"line":2,"column":7},"end":{"line":4,"column":1}},"line":2},"1":{"name":"formatCurrency","decl":{"start":{"line":6,"column":7},"end":{"line":8,"column":1}},"loc":{"start":{"line":6,"column":7},"end":{"line":8,"column":1}},"line":6},"2":{"name":"parseCurrencyInput","decl":{"start":{"line":11,"column":7},"end":{"line":13,"column":1}},"loc":{"start":{"line":11,"column":7},"end":{"line":13,"column":1}},"line":11},"3":{"name":"formatCurrencyInput","decl":{"start":{"line":16,"column":7},"end":{"line":34,"column":1}},"loc":{"start":{"line":16,"column":7},"end":{"line":34,"column":1}},"line":16}},"f":{"0":4,"1":3,"2":4,"3":15}}
,"/home/jakefear/source/wealthview/shared/src/index.ts": {"path":"/home/jakefear/source/wealthview/shared/src/index.ts","all":true,"statementMap":{"0":{"start":{"line":1,"column":0},"end":{"line":1,"column":94}},"1":{"start":{"line":2,"column":0},"end":{"line":2,"column":47}},"3":{"start":{"line":4,"column":0},"end":{"line":4,"column":43}},"5":{"start":{"line":6,"column":0},"end":{"line":6,"column":53}},"7":{"start":{"line":8,"column":0},"end":{"line":8,"column":51}},"9":{"start":{"line":10,"column":0},"end":{"line":10,"column":78}}},"s":{"0":0,"1":0,"3":0,"5":0,"7":0,"9":0},"branchMap":{"0":{"type":"branch","line":1,"loc":{"start":{"line":1,"column":1046},"end":{"line":29,"column":21}},"locations":[{"start":{"line":1,"column":1046},"end":{"line":29,"column":21}}]}},"b":{"0":[0]},"fnMap":{"0":{"name":"(empty-report)","decl":{"start":{"line":1,"column":1046},"end":{"line":29,"column":21}},"loc":{"start":{"line":1,"column":1046},"end":{"line":29,"column":21}},"line":1}},"f":{"0":0}}
,"/home/jakefear/source/wealthview/shared/src/api/accounts.ts": {"path":"/home/jakefear/source/wealthview/shared/src/api/accounts.ts","all":false,"statementMap":{"16":{"start":{"line":17,"column":0},"end":{"line":17,"column":71}},"17":{"start":{"line":18,"column":0},"end":{"line":18,"column":12}},"18":{"start":{"line":19,"column":0},"end":{"line":19,"column":49}},"19":{"start":{"line":20,"column":0},"end":{"line":20,"column":91}},"20":{"start":{"line":21,"column":0},"end":{"line":21,"column":23}},"21":{"start":{"line":22,"column":0},"end":{"line":22,"column":15}},"22":{"start":{"line":23,"column":0},"end":{"line":23,"column":24}},"23":{"start":{"line":24,"column":0},"end":{"line":24,"column":10}},"24":{"start":{"line":25,"column":0},"end":{"line":25,"column":31}},"25":{"start":{"line":26,"column":0},"end":{"line":26,"column":82}},"26":{"start":{"line":27,"column":0},"end":{"line":27,"column":24}},"27":{"start":{"line":28,"column":0},"end":{"line":28,"column":10}},"28":{"start":{"line":29,"column":0},"end":{"line":29,"column":6}},"29":{"start":{"line":30,"column":0},"end":{"line":30,"column":1}}},"s":{"16":1,"17":5,"18":5,"19":4,"20":4,"21":4,"22":3,"23":4,"24":5,"25":1,"26":1,"27":1,"28":5,"29":5},"branchMap":{"0":{"type":"branch","line":17,"loc":{"start":{"line":17,"column":7},"end":{"line":30,"column":1}},"locations":[{"start":{"line":17,"column":7},"end":{"line":30,"column":1}}]},"1":{"type":"branch","line":19,"loc":{"start":{"line":19,"column":8},"end":{"line":24,"column":10}},"locations":[{"start":{"line":19,"column":8},"end":{"line":24,"column":10}}]},"2":{"type":"branch","line":22,"loc":{"start":{"line":22,"column":13},"end":{"line":23,"column":24}},"locations":[{"start":{"line":22,"column":13},"end":{"line":23,"column":24}}]},"3":{"type":"branch","line":25,"loc":{"start":{"line":25,"column":8},"end":{"line":28,"column":10}},"locations":[{"start":{"line":25,"column":8},"end":{"line":28,"column":10}}]}},"b":{"0":[5],"1":[4],"2":[3],"3":[1]},"fnMap":{"0":{"name":"createAccountsApi","decl":{"start":{"line":17,"column":7},"end":{"line":30,"column":1}},"loc":{"start":{"line":17,"column":7},"end":{"line":30,"column":1}},"line":17},"1":{"name":"list","decl":{"start":{"line":19,"column":8},"end":{"line":24,"column":10}},"loc":{"start":{"line":19,"column":8},"end":{"line":24,"column":10}},"line":19},"2":{"name":"get","decl":{"start":{"line":25,"column":8},"end":{"line":28,"column":10}},"loc":{"start":{"line":25,"column":8},"end":{"line":28,"column":10}},"line":25}},"f":{"0":5,"1":4,"2":1}}
,"/home/jakefear/source/wealthview/shared/src/api/auth.ts": {"path":"/home/jakefear/source/wealthview/shared/src/api/auth.ts","all":false,"statementMap":{"36":{"start":{"line":37,"column":0},"end":{"line":37,"column":58}},"37":{"start":{"line":38,"column":0},"end":{"line":38,"column":33}},"38":{"start":{"line":39,"column":0},"end":{"line":39,"column":11}},"39":{"start":{"line":40,"column":0},"end":{"line":40,"column":41}},"40":{"start":{"line":41,"column":0},"end":{"line":41,"column":47}},"41":{"start":{"line":42,"column":0},"end":{"line":42,"column":45}},"42":{"start":{"line":43,"column":0},"end":{"line":43,"column":43}},"43":{"start":{"line":44,"column":0},"end":{"line":44,"column":11}},"44":{"start":{"line":45,"column":0},"end":{"line":45,"column":11}},"45":{"start":{"line":46,"column":0},"end":{"line":46,"column":35}},"46":{"start":{"line":47,"column":0},"end":{"line":47,"column":41}},"47":{"start":{"line":48,"column":0},"end":{"line":48,"column":39}},"48":{"start":{"line":49,"column":0},"end":{"line":49,"column":37}},"49":{"start":{"line":50,"column":0},"end":{"line":50,"column":12}},"50":{"start":{"line":51,"column":0},"end":{"line":51,"column":1}},"52":{"start":{"line":53,"column":0},"end":{"line":53,"column":68}},"53":{"start":{"line":54,"column":0},"end":{"line":54,"column":12}},"54":{"start":{"line":55,"column":0},"end":{"line":55,"column":35}},"55":{"start":{"line":56,"column":0},"end":{"line":56,"column":24}},"56":{"start":{"line":57,"column":0},"end":{"line":57,"column":69}},"57":{"start":{"line":58,"column":0},"end":{"line":58,"column":71}},"59":{"start":{"line":60,"column":0},"end":{"line":60,"column":1}},"61":{"start":{"line":62,"column":0},"end":{"line":62,"column":54}},"62":{"start":{"line":63,"column":0},"end":{"line":63,"column":30}},"63":{"start":{"line":64,"column":0},"end":{"line":64,"column":67}},"64":{"start":{"line":65,"column":0},"end":{"line":65,"column":5}},"65":{"start":{"line":66,"column":0},"end":{"line":66,"column":66}},"66":{"start":{"line":67,"column":0},"end":{"line":67,"column":1}},"76":{"start":{"line":77,"column":0},"end":{"line":77,"column":89}},"77":{"start":{"line":78,"column":0},"end":{"line":78,"column":40}},"79":{"start":{"line":80,"column":0},"end":{"line":80,"column":12}},"80":{"start":{"line":81,"column":0},"end":{"line":81,"column":30}},"81":{"start":{"line":82,"column":0},"end":{"line":82,"column":70}},"82":{"start":{"line":83,"column":0},"end":{"line":83,"column":40}},"83":{"start":{"line":84,"column":0},"end":{"line":84,"column":10}},"84":{"start":{"line":85,"column":0},"end":{"line":85,"column":33}},"85":{"start":{"line":86,"column":0},"end":{"line":86,"column":73}},"86":{"start":{"line":87,"column":0},"end":{"line":87,"column":40}},"87":{"start":{"line":88,"column":0},"end":{"line":88,"column":10}},"88":{"start":{"line":89,"column":0},"end":{"line":89,"column":46}},"89":{"start":{"line":90,"column":0},"end":{"line":90,"column":41}},"90":{"start":{"line":91,"column":0},"end":{"line":91,"column":36}},"91":{"start":{"line":92,"column":0},"end":{"line":92,"column":89}},"92":{"start":{"line":93,"column":0},"end":{"line":93,"column":17}},"93":{"start":{"line":94,"column":0},"end":{"line":94,"column":88}},"94":{"start":{"line":95,"column":0},"end":{"line":95,"column":48}},"95":{"start":{"line":96,"column":0},"end":{"line":96,"column":19}},"96":{"start":{"line":97,"column":0},"end":{"line":97,"column":28}},"97":{"start":{"line":98,"column":0},"end":{"line":98,"column":13}},"98":{"start":{"line":99,"column":0},"end":{"line":99,"column":52}},"99":{"start":{"line":100,"column":0},"end":{"line":100,"column":29}},"100":{"start":{"line":101,"column":0},"end":{"line":101,"column":10}},"101":{"start":{"line":102,"column":0},"end":{"line":102,"column":24}},"102":{"start":{"line":103,"column":0},"end":{"line":103,"column":45}},"103":{"start":{"line":104,"column":0},"end":{"line":104,"column":10}},"104":{"start":{"line":105,"column":0},"end":{"line":105,"column":32}},"105":{"start":{"line":106,"column":0},"end":{"line":106,"column":70}},"106":{"start":{"line":107,"column":0},"end":{"line":107,"column":24}},"107":{"start":{"line":108,"column":0},"end":{"line":108,"column":10}},"108":{"start":{"line":109,"column":0},"end":{"line":109,"column":6}},"109":{"start":{"line":110,"column":0},"end":{"line":110,"column":1}}},"s":{"36":11,"37":11,"38":7,"39":7,"40":7,"41":7,"42":7,"43":7,"44":4,"45":4,"46":4,"47":4,"48":4,"49":4,"50":11,"52":5,"53":5,"54":5,"55":5,"56":5,"57":1,"59":5,"61":5,"62":5,"63":1,"64":1,"65":4,"66":4,"76":1,"77":11,"79":11,"80":11,"81":4,"82":4,"83":4,"84":11,"85":1,"86":1,"87":1,"88":11,"89":2,"90":1,"91":0,"92":0,"93":1,"94":1,"95":1,"96":1,"97":1,"98":1,"99":1,"100":2,"101":11,"102":2,"103":2,"104":11,"105":2,"106":2,"107":2,"108":11,"109":11},"branchMap":{"0":{"type":"branch","line":37,"loc":{"start":{"line":37,"column":0},"end":{"line":51,"column":1}},"locations":[{"start":{"line":37,"column":0},"end":{"line":51,"column":1}}]},"1":{"type":"branch","line":38,"loc":{"start":{"line":38,"column":25},"end":{"line":44,"column":11}},"locations":[{"start":{"line":38,"column":25},"end":{"line":44,"column":11}}]},"2":{"type":"branch","line":44,"loc":{"start":{"line":44,"column":10},"end":{"line":50,"column":12}},"locations":[{"start":{"line":44,"column":10},"end":{"line":50,"column":12}}]},"3":{"type":"branch","line":53,"loc":{"start":{"line":53,"column":0},"end":{"line":60,"column":1}},"locations":[{"start":{"line":53,"column":0},"end":{"line":60,"column":1}}]},"4":{"type":"branch","line":57,"loc":{"start":{"line":57,"column":62},"end":{"line":58,"column":71}},"locations":[{"start":{"line":57,"column":62},"end":{"line":58,"column":71}}]},"5":{"type":"branch","line":62,"loc":{"start":{"line":62,"column":0},"end":{"line":67,"column":1}},"locations":[{"start":{"line":62,"column":0},"end":{"line":67,"column":1}}]},"6":{"type":"branch","line":63,"loc":{"start":{"line":63,"column":29},"end":{"line":65,"column":5}},"locations":[{"start":{"line":63,"column":29},"end":{"line":65,"column":5}}]},"7":{"type":"branch","line":65,"loc":{"start":{"line":65,"column":4},"end":{"line":67,"column":1}},"locations":[{"start":{"line":65,"column":4},"end":{"line":67,"column":1}}]},"8":{"type":"branch","line":77,"loc":{"start":{"line":77,"column":7},"end":{"line":110,"column":1}},"locations":[{"start":{"line":77,"column":7},"end":{"line":110,"column":1}}]},"9":{"type":"branch","line":81,"loc":{"start":{"line":81,"column":8},"end":{"line":84,"column":10}},"locations":[{"start":{"line":81,"column":8},"end":{"line":84,"column":10}}]},"10":{"type":"branch","line":85,"loc":{"start":{"line":85,"column":8},"end":{"line":88,"column":10}},"locations":[{"start":{"line":85,"column":8},"end":{"line":88,"column":10}}]},"11":{"type":"branch","line":89,"loc":{"start":{"line":89,"column":8},"end":{"line":101,"column":10}},"locations":[{"start":{"line":89,"column":8},"end":{"line":101,"column":10}}]},"12":{"type":"branch","line":90,"loc":{"start":{"line":90,"column":40},"end":{"line":100,"column":29}},"locations":[{"start":{"line":90,"column":40},"end":{"line":100,"column":29}}]},"13":{"type":"branch","line":91,"loc":{"start":{"line":91,"column":35},"end":{"line":93,"column":17}},"locations":[{"start":{"line":91,"column":35},"end":{"line":93,"column":17}}]},"14":{"type":"branch","line":102,"loc":{"start":{"line":102,"column":8},"end":{"line":104,"column":10}},"locations":[{"start":{"line":102,"column":8},"end":{"line":104,"column":10}}]},"15":{"type":"branch","line":105,"loc":{"start":{"line":105,"column":8},"end":{"line":108,"column":10}},"locations":[{"start":{"line":105,"column":8},"end":{"line":108,"column":10}}]}},"b":{"0":[11],"1":[7],"2":[4],"3":[5],"4":[1],"5":[5],"6":[1],"7":[4],"8":[11],"9":[4],"10":[1],"11":[2],"12":[1],"13":[0],"14":[2],"15":[2]},"fnMap":{"0":{"name":"routesFor","decl":{"start":{"line":37,"column":0},"end":{"line":51,"column":1}},"loc":{"start":{"line":37,"column":0},"end":{"line":51,"column":1}},"line":37},"1":{"name":"isMfaRequired","decl":{"start":{"line":53,"column":0},"end":{"line":60,"column":1}},"loc":{"start":{"line":53,"column":0},"end":{"line":60,"column":1}},"line":53},"2":{"name":"asLoginOutcome","decl":{"start":{"line":62,"column":0},"end":{"line":67,"column":1}},"loc":{"start":{"line":62,"column":0},"end":{"line":67,"column":1}},"line":62},"3":{"name":"createAuthApi","decl":{"start":{"line":77,"column":7},"end":{"line":110,"column":1}},"loc":{"start":{"line":77,"column":7},"end":{"line":110,"column":1}},"line":77},"4":{"name":"login","decl":{"start":{"line":81,"column":8},"end":{"line":84,"column":10}},"loc":{"start":{"line":81,"column":8},"end":{"line":84,"column":10}},"line":81},"5":{"name":"register","decl":{"start":{"line":85,"column":8},"end":{"line":88,"column":10}},"loc":{"start":{"line":85,"column":8},"end":{"line":88,"column":10}},"line":85},"6":{"name":"refresh","decl":{"start":{"line":89,"column":8},"end":{"line":101,"column":10}},"loc":{"start":{"line":89,"column":8},"end":{"line":101,"column":10}},"line":89},"7":{"name":"logout","decl":{"start":{"line":102,"column":8},"end":{"line":104,"column":10}},"loc":{"start":{"line":102,"column":8},"end":{"line":104,"column":10}},"line":102},"8":{"name":"getCurrentUser","decl":{"start":{"line":105,"column":8},"end":{"line":108,"column":10}},"loc":{"start":{"line":105,"column":8},"end":{"line":108,"column":10}},"line":105}},"f":{"0":11,"1":5,"2":5,"3":11,"4":4,"5":1,"6":2,"7":2,"8":2}}
,"/home/jakefear/source/wealthview/shared/src/api/client.ts": {"path":"/home/jakefear/source/wealthview/shared/src/api/client.ts","all":false,"statementMap":{"0":{"start":{"line":1,"column":0},"end":{"line":1,"column":15}},"61":{"start":{"line":62,"column":0},"end":{"line":62,"column":73}},"62":{"start":{"line":63,"column":0},"end":{"line":63,"column":51}},"64":{"start":{"line":65,"column":0},"end":{"line":65,"column":33}},"65":{"start":{"line":66,"column":0},"end":{"line":66,"column":32}},"66":{"start":{"line":67,"column":0},"end":{"line":67,"column":56}},"67":{"start":{"line":68,"column":0},"end":{"line":68,"column":35}},"68":{"start":{"line":69,"column":0},"end":{"line":69,"column":7}},"71":{"start":{"line":72,"column":0},"end":{"line":72,"column":19}},"72":{"start":{"line":73,"column":0},"end":{"line":73,"column":50}},"73":{"start":{"line":74,"column":0},"end":{"line":74,"column":50}},"74":{"start":{"line":75,"column":0},"end":{"line":75,"column":24}},"75":{"start":{"line":76,"column":0},"end":{"line":76,"column":68}},"76":{"start":{"line":77,"column":0},"end":{"line":77,"column":13}},"77":{"start":{"line":78,"column":0},"end":{"line":78,"column":23}},"78":{"start":{"line":79,"column":0},"end":{"line":79,"column":11}},"79":{"start":{"line":80,"column":0},"end":{"line":80,"column":5}},"82":{"start":{"line":83,"column":0},"end":{"line":83,"column":53}},"84":{"start":{"line":85,"column":0},"end":{"line":85,"column":52}},"85":{"start":{"line":86,"column":0},"end":{"line":86,"column":23}},"86":{"start":{"line":87,"column":0},"end":{"line":87,"column":58}},"87":{"start":{"line":88,"column":0},"end":{"line":88,"column":32}},"88":{"start":{"line":89,"column":0},"end":{"line":89,"column":62}},"89":{"start":{"line":90,"column":0},"end":{"line":90,"column":13}},"90":{"start":{"line":91,"column":0},"end":{"line":91,"column":66}},"91":{"start":{"line":92,"column":0},"end":{"line":92,"column":55}},"92":{"start":{"line":93,"column":0},"end":{"line":93,"column":48}},"93":{"start":{"line":94,"column":0},"end":{"line":94,"column":68}},"94":{"start":{"line":95,"column":0},"end":{"line":95,"column":14}},"95":{"start":{"line":96,"column":0},"end":{"line":96,"column":43}},"96":{"start":{"line":97,"column":0},"end":{"line":97,"column":16}},"99":{"start":{"line":100,"column":0},"end":{"line":100,"column":70}},"100":{"start":{"line":101,"column":0},"end":{"line":101,"column":38}},"101":{"start":{"line":102,"column":0},"end":{"line":102,"column":15}},"102":{"start":{"line":103,"column":0},"end":{"line":103,"column":9}},"103":{"start":{"line":104,"column":0},"end":{"line":104,"column":5}},"105":{"start":{"line":106,"column":0},"end":{"line":106,"column":37}},"106":{"start":{"line":107,"column":0},"end":{"line":107,"column":31}},"107":{"start":{"line":108,"column":0},"end":{"line":108,"column":38}},"108":{"start":{"line":109,"column":0},"end":{"line":109,"column":44}},"111":{"start":{"line":112,"column":0},"end":{"line":112,"column":85}},"112":{"start":{"line":113,"column":0},"end":{"line":113,"column":45}},"113":{"start":{"line":114,"column":0},"end":{"line":114,"column":13}},"114":{"start":{"line":115,"column":0},"end":{"line":115,"column":39}},"117":{"start":{"line":118,"column":0},"end":{"line":118,"column":35}},"118":{"start":{"line":119,"column":0},"end":{"line":119,"column":50}},"119":{"start":{"line":120,"column":0},"end":{"line":120,"column":44}},"120":{"start":{"line":121,"column":0},"end":{"line":121,"column":46}},"121":{"start":{"line":122,"column":0},"end":{"line":122,"column":41}},"122":{"start":{"line":123,"column":0},"end":{"line":123,"column":22}},"123":{"start":{"line":124,"column":0},"end":{"line":124,"column":36}},"124":{"start":{"line":125,"column":0},"end":{"line":125,"column":47}},"125":{"start":{"line":126,"column":0},"end":{"line":126,"column":23}},"126":{"start":{"line":127,"column":0},"end":{"line":127,"column":13}},"128":{"start":{"line":129,"column":0},"end":{"line":129,"column":17}},"129":{"start":{"line":130,"column":0},"end":{"line":130,"column":38}},"130":{"start":{"line":131,"column":0},"end":{"line":131,"column":21}},"131":{"start":{"line":132,"column":0},"end":{"line":132,"column":45}},"132":{"start":{"line":133,"column":0},"end":{"line":133,"column":13}},"133":{"start":{"line":134,"column":0},"end":{"line":134,"column":58}},"134":{"start":{"line":135,"column":0},"end":{"line":135,"column":10}},"135":{"start":{"line":136,"column":0},"end":{"line":136,"column":6}},"137":{"start":{"line":138,"column":0},"end":{"line":138,"column":18}},"138":{"start":{"line":139,"column":0},"end":{"line":139,"column":1}}},"s":{"0":1,"61":1,"62":14,"64":14,"65":14,"66":14,"67":14,"68":14,"71":14,"72":11,"73":11,"74":11,"75":10,"76":10,"77":11,"78":11,"79":11,"82":14,"84":14,"85":5,"86":4,"87":4,"88":1,"89":1,"90":3,"91":3,"92":3,"93":3,"94":3,"95":2,"96":5,"99":1,"100":1,"101":1,"102":1,"103":5,"105":14,"106":14,"107":14,"108":7,"111":7,"112":2,"113":2,"114":5,"117":5,"118":5,"119":5,"120":2,"121":2,"122":5,"123":5,"124":5,"125":5,"126":5,"128":5,"129":5,"130":7,"131":2,"132":2,"133":3,"134":7,"135":14,"137":14,"138":14},"branchMap":{"0":{"type":"branch","line":62,"loc":{"start":{"line":62,"column":7},"end":{"line":139,"column":1}},"locations":[{"start":{"line":62,"column":7},"end":{"line":139,"column":1}}]},"1":{"type":"branch","line":72,"loc":{"start":{"line":72,"column":18},"end":{"line":80,"column":5}},"locations":[{"start":{"line":72,"column":18},"end":{"line":80,"column":5}}]},"2":{"type":"branch","line":73,"loc":{"start":{"line":73,"column":40},"end":{"line":79,"column":9}},"locations":[{"start":{"line":73,"column":40},"end":{"line":79,"column":9}}]},"3":{"type":"branch","line":75,"loc":{"start":{"line":75,"column":23},"end":{"line":77,"column":13}},"locations":[{"start":{"line":75,"column":23},"end":{"line":77,"column":13}}]},"4":{"type":"branch","line":85,"loc":{"start":{"line":85,"column":4},"end":{"line":104,"column":5}},"locations":[{"start":{"line":85,"column":4},"end":{"line":104,"column":5}}]},"5":{"type":"branch","line":86,"loc":{"start":{"line":86,"column":22},"end":{"line":97,"column":15}},"locations":[{"start":{"line":86,"column":22},"end":{"line":97,"column":15}}]},"6":{"type":"branch","line":88,"loc":{"start":{"line":88,"column":31},"end":{"line":90,"column":13}},"locations":[{"start":{"line":88,"column":31},"end":{"line":90,"column":13}}]},"7":{"type":"branch","line":90,"loc":{"start":{"line":90,"column":12},"end":{"line":95,"column":14}},"locations":[{"start":{"line":90,"column":12},"end":{"line":95,"column":14}}]},"8":{"type":"branch","line":95,"loc":{"start":{"line":95,"column":12},"end":{"line":97,"column":15}},"locations":[{"start":{"line":95,"column":12},"end":{"line":97,"column":15}}]},"9":{"type":"branch","line":97,"loc":{"start":{"line":97,"column":8},"end":{"line":103,"column":9}},"locations":[{"start":{"line":97,"column":8},"end":{"line":103,"column":9}}]},"10":{"type":"branch","line":107,"loc":{"start":{"line":107,"column":8},"end":{"line":107,"column":31}},"locations":[{"start":{"line":107,"column":8},"end":{"line":107,"column":31}}]},"11":{"type":"branch","line":108,"loc":{"start":{"line":108,"column":8},"end":{"line":135,"column":10}},"locations":[{"start":{"line":108,"column":8},"end":{"line":135,"column":10}}]},"12":{"type":"branch","line":112,"loc":{"start":{"line":112,"column":56},"end":{"line":112,"column":84}},"locations":[{"start":{"line":112,"column":56},"end":{"line":112,"column":84}}]},"13":{"type":"branch","line":112,"loc":{"start":{"line":112,"column":84},"end":{"line":114,"column":13}},"locations":[{"start":{"line":112,"column":84},"end":{"line":114,"column":13}}]},"14":{"type":"branch","line":114,"loc":{"start":{"line":114,"column":12},"end":{"line":130,"column":38}},"locations":[{"start":{"line":114,"column":12},"end":{"line":130,"column":38}}]},"15":{"type":"branch","line":130,"loc":{"start":{"line":130,"column":22},"end":{"line":131,"column":20}},"locations":[{"start":{"line":130,"column":22},"end":{"line":131,"column":20}}]},"16":{"type":"branch","line":131,"loc":{"start":{"line":131,"column":12},"end":{"line":133,"column":13}},"locations":[{"start":{"line":131,"column":12},"end":{"line":133,"column":13}}]},"17":{"type":"branch","line":133,"loc":{"start":{"line":133,"column":12},"end":{"line":134,"column":58}},"locations":[{"start":{"line":133,"column":12},"end":{"line":134,"column":58}}]},"18":{"type":"branch","line":120,"loc":{"start":{"line":120,"column":27},"end":{"line":123,"column":21}},"locations":[{"start":{"line":120,"column":27},"end":{"line":123,"column":21}}]},"19":{"type":"branch","line":124,"loc":{"start":{"line":124,"column":29},"end":{"line":126,"column":21}},"locations":[{"start":{"line":124,"column":29},"end":{"line":126,"column":21}}]}},"b":{"0":[14],"1":[11],"2":[11],"3":[10],"4":[5],"5":[4],"6":[1],"7":[3],"8":[2],"9":[1],"10":[7],"11":[7],"12":[6],"13":[2],"14":[5],"15":[3],"16":[2],"17":[3],"18":[2],"19":[5]},"fnMap":{"0":{"name":"createApiClient","decl":{"start":{"line":62,"column":7},"end":{"line":139,"column":1}},"loc":{"start":{"line":62,"column":7},"end":{"line":139,"column":1}},"line":62},"1":{"name":"performRefresh","decl":{"start":{"line":85,"column":4},"end":{"line":104,"column":5}},"loc":{"start":{"line":85,"column":4},"end":{"line":104,"column":5}},"line":85},"2":{"name":"client.interceptors.response.use.original","decl":{"start":{"line":107,"column":8},"end":{"line":107,"column":31}},"loc":{"start":{"line":107,"column":8},"end":{"line":107,"column":31}},"line":107}},"f":{"0":14,"1":5,"2":7}}
,"/home/jakefear/source/wealthview/shared/src/api/dashboard.ts": {"path":"/home/jakefear/source/wealthview/shared/src/api/dashboard.ts","all":false,"statementMap":{"13":{"start":{"line":14,"column":0},"end":{"line":14,"column":73}},"14":{"start":{"line":15,"column":0},"end":{"line":15,"column":12}},"15":{"start":{"line":16,"column":0},"end":{"line":16,"column":28}},"16":{"start":{"line":17,"column":0},"end":{"line":17,"column":94}},"17":{"start":{"line":18,"column":0},"end":{"line":18,"column":24}},"18":{"start":{"line":19,"column":0},"end":{"line":19,"column":10}},"19":{"start":{"line":20,"column":0},"end":{"line":20,"column":6}},"20":{"start":{"line":21,"column":0},"end":{"line":21,"column":1}}},"s":{"13":1,"14":3,"15":3,"16":3,"17":2,"18":3,"19":3,"20":3},"branchMap":{"0":{"type":"branch","line":14,"loc":{"start":{"line":14,"column":7},"end":{"line":21,"column":1}},"locations":[{"start":{"line":14,"column":7},"end":{"line":21,"column":1}}]},"1":{"type":"branch","line":16,"loc":{"start":{"line":16,"column":8},"end":{"line":19,"column":10}},"locations":[{"start":{"line":16,"column":8},"end":{"line":19,"column":10}}]},"2":{"type":"branch","line":17,"loc":{"start":{"line":17,"column":92},"end":{"line":18,"column":24}},"locations":[{"start":{"line":17,"column":92},"end":{"line":18,"column":24}}]}},"b":{"0":[3],"1":[3],"2":[2]},"fnMap":{"0":{"name":"createDashboardApi","decl":{"start":{"line":14,"column":7},"end":{"line":21,"column":1}},"loc":{"start":{"line":14,"column":7},"end":{"line":21,"column":1}},"line":14},"1":{"name":"getSummary","decl":{"start":{"line":16,"column":8},"end":{"line":19,"column":10}},"loc":{"start":{"line":16,"column":8},"end":{"line":19,"column":10}},"line":16}},"f":{"0":3,"1":3}}
,"/home/jakefear/source/wealthview/shared/src/api/types.ts": {"path":"/home/jakefear/source/wealthview/shared/src/api/types.ts","all":true,"statementMap":{},"s":{},"branchMap":{"0":{"type":"branch","line":1,"loc":{"start":{"line":1,"column":4665},"end":{"line":153,"column":1}},"locations":[{"start":{"line":1,"column":4665},"end":{"line":153,"column":1}}]}},"b":{"0":[1]},"fnMap":{"0":{"name":"(empty-report)","decl":{"start":{"line":1,"column":4665},"end":{"line":153,"column":1}},"loc":{"start":{"line":1,"column":4665},"end":{"line":153,"column":1}},"line":1}},"f":{"0":1}}
,"/home/jakefear/source/wealthview/shared/src/portfolio/groupAccountsByCategory.ts": {"path":"/home/jakefear/source/wealthview/shared/src/portfolio/groupAccountsByCategory.ts","all":false,"statementMap":{"15":{"start":{"line":16,"column":0},"end":{"line":16,"column":83}},"17":{"start":{"line":18,"column":0},"end":{"line":18,"column":49}},"18":{"start":{"line":19,"column":0},"end":{"line":19,"column":38}},"19":{"start":{"line":20,"column":0},"end":{"line":20,"column":17}},"20":{"start":{"line":21,"column":0},"end":{"line":21,"column":19}},"21":{"start":{"line":22,"column":0},"end":{"line":22,"column":2}},"23":{"start":{"line":24,"column":0},"end":{"line":24,"column":52}},"24":{"start":{"line":25,"column":0},"end":{"line":25,"column":19}},"25":{"start":{"line":26,"column":0},"end":{"line":26,"column":25}},"26":{"start":{"line":27,"column":0},"end":{"line":27,"column":19}},"27":{"start":{"line":28,"column":0},"end":{"line":28,"column":20}},"28":{"start":{"line":29,"column":0},"end":{"line":29,"column":20}},"29":{"start":{"line":30,"column":0},"end":{"line":30,"column":32}},"30":{"start":{"line":31,"column":0},"end":{"line":31,"column":20}},"31":{"start":{"line":32,"column":0},"end":{"line":32,"column":26}},"32":{"start":{"line":33,"column":0},"end":{"line":33,"column":16}},"33":{"start":{"line":34,"column":0},"end":{"line":34,"column":27}},"34":{"start":{"line":35,"column":0},"end":{"line":35,"column":5}},"35":{"start":{"line":36,"column":0},"end":{"line":36,"column":1}},"43":{"start":{"line":44,"column":0},"end":{"line":44,"column":55}},"44":{"start":{"line":45,"column":0},"end":{"line":45,"column":39}},"45":{"start":{"line":46,"column":0},"end":{"line":46,"column":39}},"46":{"start":{"line":47,"column":0},"end":{"line":47,"column":46}},"47":{"start":{"line":48,"column":0},"end":{"line":48,"column":46}},"48":{"start":{"line":49,"column":0},"end":{"line":49,"column":34}},"49":{"start":{"line":50,"column":0},"end":{"line":50,"column":1}},"51":{"start":{"line":52,"column":0},"end":{"line":52,"column":49}},"52":{"start":{"line":53,"column":0},"end":{"line":53,"column":51}},"53":{"start":{"line":54,"column":0},"end":{"line":54,"column":18}},"54":{"start":{"line":55,"column":0},"end":{"line":55,"column":1}},"56":{"start":{"line":57,"column":0},"end":{"line":57,"column":58}},"57":{"start":{"line":58,"column":0},"end":{"line":58,"column":37}},"58":{"start":{"line":59,"column":0},"end":{"line":59,"column":37}},"60":{"start":{"line":61,"column":0},"end":{"line":61,"column":45}},"61":{"start":{"line":62,"column":0},"end":{"line":62,"column":45}},"62":{"start":{"line":63,"column":0},"end":{"line":63,"column":66}},"63":{"start":{"line":64,"column":0},"end":{"line":64,"column":47}},"65":{"start":{"line":66,"column":0},"end":{"line":66,"column":50}},"66":{"start":{"line":67,"column":0},"end":{"line":67,"column":39}},"67":{"start":{"line":68,"column":0},"end":{"line":68,"column":39}},"68":{"start":{"line":69,"column":0},"end":{"line":69,"column":30}},"69":{"start":{"line":70,"column":0},"end":{"line":70,"column":30}},"70":{"start":{"line":71,"column":0},"end":{"line":71,"column":1}},"72":{"start":{"line":73,"column":0},"end":{"line":73,"column":52}},"73":{"start":{"line":74,"column":0},"end":{"line":74,"column":29}},"74":{"start":{"line":75,"column":0},"end":{"line":75,"column":30}},"75":{"start":{"line":76,"column":0},"end":{"line":76,"column":43}},"76":{"start":{"line":77,"column":0},"end":{"line":77,"column":1}},"84":{"start":{"line":85,"column":0},"end":{"line":85,"column":48}},"85":{"start":{"line":86,"column":0},"end":{"line":86,"column":40}},"87":{"start":{"line":88,"column":0},"end":{"line":88,"column":20}},"88":{"start":{"line":89,"column":0},"end":{"line":89,"column":29}},"89":{"start":{"line":90,"column":0},"end":{"line":90,"column":74}},"90":{"start":{"line":91,"column":0},"end":{"line":91,"column":57}},"91":{"start":{"line":92,"column":0},"end":{"line":92,"column":5}},"93":{"start":{"line":94,"column":0},"end":{"line":94,"column":17}},"94":{"start":{"line":95,"column":0},"end":{"line":95,"column":41}},"95":{"start":{"line":96,"column":0},"end":{"line":96,"column":29}},"96":{"start":{"line":97,"column":0},"end":{"line":97,"column":43}},"97":{"start":{"line":98,"column":0},"end":{"line":98,"column":76}},"98":{"start":{"line":99,"column":0},"end":{"line":99,"column":57}},"99":{"start":{"line":100,"column":0},"end":{"line":100,"column":58}},"100":{"start":{"line":101,"column":0},"end":{"line":101,"column":35}},"101":{"start":{"line":102,"column":0},"end":{"line":102,"column":33}},"102":{"start":{"line":103,"column":0},"end":{"line":103,"column":5}},"103":{"start":{"line":104,"column":0},"end":{"line":104,"column":45}},"104":{"start":{"line":105,"column":0},"end":{"line":105,"column":30}},"105":{"start":{"line":106,"column":0},"end":{"line":106,"column":38}},"106":{"start":{"line":107,"column":0},"end":{"line":107,"column":61}},"107":{"start":{"line":108,"column":0},"end":{"line":108,"column":61}},"108":{"start":{"line":109,"column":0},"end":{"line":109,"column":59}},"109":{"start":{"line":110,"column":0},"end":{"line":110,"column":44}},"110":{"start":{"line":111,"column":0},"end":{"line":111,"column":58}},"111":{"start":{"line":112,"column":0},"end":{"line":112,"column":44}},"112":{"start":{"line":113,"column":0},"end":{"line":113,"column":1}},"122":{"start":{"line":123,"column":0},"end":{"line":123,"column":86}},"123":{"start":{"line":124,"column":0},"end":{"line":124,"column":66}},"124":{"start":{"line":125,"column":0},"end":{"line":125,"column":34}},"125":{"start":{"line":126,"column":0},"end":{"line":126,"column":42}},"126":{"start":{"line":127,"column":0},"end":{"line":127,"column":44}},"127":{"start":{"line":128,"column":0},"end":{"line":128,"column":24}},"128":{"start":{"line":129,"column":0},"end":{"line":129,"column":31}},"129":{"start":{"line":130,"column":0},"end":{"line":130,"column":5}},"130":{"start":{"line":131,"column":0},"end":{"line":131,"column":38}},"131":{"start":{"line":132,"column":0},"end":{"line":132,"column":39}},"132":{"start":{"line":133,"column":0},"end":{"line":133,"column":38}},"133":{"start":{"line":134,"column":0},"end":{"line":134,"column":49}},"134":{"start":{"line":135,"column":0},"end":{"line":135,"column":86}},"135":{"start":{"line":136,"column":0},"end":{"line":136,"column":21}},"136":{"start":{"line":137,"column":0},"end":{"line":137,"column":26}},"137":{"start":{"line":138,"column":0},"end":{"line":138,"column":31}},"138":{"start":{"line":139,"column":0},"end":{"line":139,"column":29}},"139":{"start":{"line":140,"column":0},"end":{"line":140,"column":61}},"140":{"start":{"line":141,"column":0},"end":{"line":141,"column":11}},"141":{"start":{"line":142,"column":0},"end":{"line":142,"column":5}},"142":{"start":{"line":143,"column":0},"end":{"line":143,"column":18}},"143":{"start":{"line":144,"column":0},"end":{"line":144,"column":1}}},"s":{"15":1,"17":1,"18":1,"19":1,"20":1,"21":1,"23":17,"24":17,"25":17,"26":17,"27":17,"28":17,"29":12,"30":17,"31":3,"32":17,"33":2,"34":17,"35":17,"43":8,"44":8,"45":8,"46":8,"47":8,"48":8,"49":8,"51":16,"52":16,"53":16,"54":16,"56":8,"57":8,"58":8,"60":8,"61":8,"62":8,"63":8,"65":1,"66":1,"67":1,"68":8,"69":8,"70":8,"72":50,"73":50,"74":50,"75":6,"76":6,"84":11,"85":11,"87":11,"88":11,"89":17,"90":17,"91":17,"93":11,"94":11,"95":11,"96":17,"97":17,"98":17,"99":17,"100":17,"101":17,"102":17,"103":11,"104":1,"105":11,"106":11,"107":11,"108":11,"109":11,"110":11,"111":11,"112":11,"122":1,"123":8,"124":8,"125":17,"126":17,"127":17,"128":17,"129":17,"130":8,"131":8,"132":24,"133":24,"134":11,"135":11,"136":11,"137":11,"138":11,"139":11,"140":11,"141":11,"142":8,"143":8},"branchMap":{"0":{"type":"branch","line":24,"loc":{"start":{"line":24,"column":0},"end":{"line":36,"column":1}},"locations":[{"start":{"line":24,"column":0},"end":{"line":36,"column":1}}]},"1":{"type":"branch","line":26,"loc":{"start":{"line":26,"column":8},"end":{"line":26,"column":25}},"locations":[{"start":{"line":26,"column":8},"end":{"line":26,"column":25}}]},"2":{"type":"branch","line":27,"loc":{"start":{"line":27,"column":8},"end":{"line":27,"column":19}},"locations":[{"start":{"line":27,"column":8},"end":{"line":27,"column":19}}]},"3":{"type":"branch","line":28,"loc":{"start":{"line":28,"column":8},"end":{"line":28,"column":20}},"locations":[{"start":{"line":28,"column":8},"end":{"line":28,"column":20}}]},"4":{"type":"branch","line":29,"loc":{"start":{"line":29,"column":8},"end":{"line":30,"column":32}},"locations":[{"start":{"line":29,"column":8},"end":{"line":30,"column":32}}]},"5":{"type":"branch","line":31,"loc":{"start":{"line":31,"column":8},"end":{"line":32,"column":26}},"locations":[{"start":{"line":31,"column":8},"end":{"line":32,"column":26}}]},"6":{"type":"branch","line":33,"loc":{"start":{"line":33,"column":8},"end":{"line":34,"column":27}},"locations":[{"start":{"line":33,"column":8},"end":{"line":34,"column":27}}]},"7":{"type":"branch","line":44,"loc":{"start":{"line":44,"column":0},"end":{"line":50,"column":1}},"locations":[{"start":{"line":44,"column":0},"end":{"line":50,"column":1}}]},"8":{"type":"branch","line":47,"loc":{"start":{"line":47,"column":25},"end":{"line":47,"column":46}},"locations":[{"start":{"line":47,"column":25},"end":{"line":47,"column":46}}]},"9":{"type":"branch","line":49,"loc":{"start":{"line":49,"column":19},"end":{"line":49,"column":30}},"locations":[{"start":{"line":49,"column":19},"end":{"line":49,"column":30}}]},"10":{"type":"branch","line":52,"loc":{"start":{"line":52,"column":0},"end":{"line":55,"column":1}},"locations":[{"start":{"line":52,"column":0},"end":{"line":55,"column":1}}]},"11":{"type":"branch","line":53,"loc":{"start":{"line":53,"column":27},"end":{"line":53,"column":51}},"locations":[{"start":{"line":53,"column":27},"end":{"line":53,"column":51}}]},"12":{"type":"branch","line":57,"loc":{"start":{"line":57,"column":0},"end":{"line":71,"column":1}},"locations":[{"start":{"line":57,"column":0},"end":{"line":71,"column":1}}]},"13":{"type":"branch","line":61,"loc":{"start":{"line":61,"column":36},"end":{"line":61,"column":45}},"locations":[{"start":{"line":61,"column":36},"end":{"line":61,"column":45}}]},"14":{"type":"branch","line":62,"loc":{"start":{"line":62,"column":36},"end":{"line":62,"column":45}},"locations":[{"start":{"line":62,"column":36},"end":{"line":62,"column":45}}]},"15":{"type":"branch","line":63,"loc":{"start":{"line":63,"column":35},"end":{"line":64,"column":28}},"locations":[{"start":{"line":63,"column":35},"end":{"line":64,"column":28}}]},"16":{"type":"branch","line":64,"loc":{"start":{"line":64,"column":21},"end":{"line":64,"column":47}},"locations":[{"start":{"line":64,"column":21},"end":{"line":64,"column":47}}]},"17":{"type":"branch","line":64,"loc":{"start":{"line":64,"column":40},"end":{"line":64,"column":47}},"locations":[{"start":{"line":64,"column":40},"end":{"line":64,"column":47}}]},"18":{"type":"branch","line":64,"loc":{"start":{"line":64,"column":45},"end":{"line":69,"column":28}},"locations":[{"start":{"line":64,"column":45},"end":{"line":69,"column":28}}]},"19":{"type":"branch","line":69,"loc":{"start":{"line":69,"column":21},"end":{"line":69,"column":30}},"locations":[{"start":{"line":69,"column":21},"end":{"line":69,"column":30}}]},"20":{"type":"branch","line":69,"loc":{"start":{"line":69,"column":28},"end":{"line":70,"column":28}},"locations":[{"start":{"line":69,"column":28},"end":{"line":70,"column":28}}]},"21":{"type":"branch","line":70,"loc":{"start":{"line":70,"column":23},"end":{"line":70,"column":30}},"locations":[{"start":{"line":70,"column":23},"end":{"line":70,"column":30}}]},"22":{"type":"branch","line":73,"loc":{"start":{"line":73,"column":0},"end":{"line":77,"column":1}},"locations":[{"start":{"line":73,"column":0},"end":{"line":77,"column":1}}]},"23":{"type":"branch","line":75,"loc":{"start":{"line":75,"column":15},"end":{"line":75,"column":30}},"locations":[{"start":{"line":75,"column":15},"end":{"line":75,"column":30}}]},"24":{"type":"branch","line":75,"loc":{"start":{"line":75,"column":28},"end":{"line":77,"column":1}},"locations":[{"start":{"line":75,"column":28},"end":{"line":77,"column":1}}]},"25":{"type":"branch","line":85,"loc":{"start":{"line":85,"column":0},"end":{"line":113,"column":1}},"locations":[{"start":{"line":85,"column":0},"end":{"line":113,"column":1}}]},"26":{"type":"branch","line":86,"loc":{"start":{"line":86,"column":29},"end":{"line":86,"column":40}},"locations":[{"start":{"line":86,"column":29},"end":{"line":86,"column":40}}]},"27":{"type":"branch","line":89,"loc":{"start":{"line":89,"column":28},"end":{"line":92,"column":5}},"locations":[{"start":{"line":89,"column":28},"end":{"line":92,"column":5}}]},"28":{"type":"branch","line":90,"loc":{"start":{"line":90,"column":54},"end":{"line":90,"column":71}},"locations":[{"start":{"line":90,"column":54},"end":{"line":90,"column":71}}]},"29":{"type":"branch","line":91,"loc":{"start":{"line":91,"column":35},"end":{"line":91,"column":57}},"locations":[{"start":{"line":91,"column":35},"end":{"line":91,"column":57}}]},"30":{"type":"branch","line":96,"loc":{"start":{"line":96,"column":28},"end":{"line":103,"column":5}},"locations":[{"start":{"line":96,"column":28},"end":{"line":103,"column":5}}]},"31":{"type":"branch","line":98,"loc":{"start":{"line":98,"column":49},"end":{"line":98,"column":73}},"locations":[{"start":{"line":98,"column":49},"end":{"line":98,"column":73}}]},"32":{"type":"branch","line":100,"loc":{"start":{"line":100,"column":28},"end":{"line":100,"column":42}},"locations":[{"start":{"line":100,"column":28},"end":{"line":100,"column":42}}]},"33":{"type":"branch","line":102,"loc":{"start":{"line":102,"column":15},"end":{"line":102,"column":31}},"locations":[{"start":{"line":102,"column":15},"end":{"line":102,"column":31}}]},"34":{"type":"branch","line":104,"loc":{"start":{"line":104,"column":23},"end":{"line":104,"column":45}},"locations":[{"start":{"line":104,"column":23},"end":{"line":104,"column":45}}]},"35":{"type":"branch","line":104,"loc":{"start":{"line":104,"column":43},"end":{"line":106,"column":27}},"locations":[{"start":{"line":104,"column":43},"end":{"line":106,"column":27}}]},"36":{"type":"branch","line":106,"loc":{"start":{"line":106,"column":16},"end":{"line":106,"column":34}},"locations":[{"start":{"line":106,"column":16},"end":{"line":106,"column":34}}]},"37":{"type":"branch","line":106,"loc":{"start":{"line":106,"column":28},"end":{"line":106,"column":38}},"locations":[{"start":{"line":106,"column":28},"end":{"line":106,"column":38}}]},"38":{"type":"branch","line":112,"loc":{"start":{"line":112,"column":11},"end":{"line":112,"column":37}},"locations":[{"start":{"line":112,"column":11},"end":{"line":112,"column":37}}]},"39":{"type":"branch","line":112,"loc":{"start":{"line":112,"column":32},"end":{"line":112,"column":44}},"locations":[{"start":{"line":112,"column":32},"end":{"line":112,"column":44}}]},"40":{"type":"branch","line":123,"loc":{"start":{"line":123,"column":7},"end":{"line":144,"column":1}},"locations":[{"start":{"line":123,"column":7},"end":{"line":144,"column":1}}]},"41":{"type":"branch","line":125,"loc":{"start":{"line":125,"column":33},"end":{"line":130,"column":5}},"locations":[{"start":{"line":125,"column":33},"end":{"line":130,"column":5}}]},"42":{"type":"branch","line":127,"loc":{"start":{"line":127,"column":36},"end":{"line":127,"column":44}},"locations":[{"start":{"line":127,"column":36},"end":{"line":127,"column":44}}]},"43":{"type":"branch","line":132,"loc":{"start":{"line":132,"column":38},"end":{"line":142,"column":5}},"locations":[{"start":{"line":132,"column":38},"end":{"line":142,"column":5}}]},"44":{"type":"branch","line":134,"loc":{"start":{"line":134,"column":13},"end":{"line":134,"column":40}},"locations":[{"start":{"line":134,"column":13},"end":{"line":134,"column":40}}]},"45":{"type":"branch","line":134,"loc":{"start":{"line":134,"column":40},"end":{"line":134,"column":49}},"locations":[{"start":{"line":134,"column":40},"end":{"line":134,"column":49}}]},"46":{"type":"branch","line":134,"loc":{"start":{"line":134,"column":40},"end":{"line":142,"column":5}},"locations":[{"start":{"line":134,"column":40},"end":{"line":142,"column":5}}]},"47":{"type":"branch","line":135,"loc":{"start":{"line":135,"column":38},"end":{"line":135,"column":84}},"locations":[{"start":{"line":135,"column":38},"end":{"line":135,"column":84}}]},"48":{"type":"branch","line":140,"loc":{"start":{"line":140,"column":42},"end":{"line":140,"column":58}},"locations":[{"start":{"line":140,"column":42},"end":{"line":140,"column":58}}]}},"b":{"0":[17],"1":[9],"2":[10],"3":[11],"4":[12],"5":[3],"6":[2],"7":[8],"8":[0],"9":[0],"10":[16],"11":[0],"12":[8],"13":[1],"14":[1],"15":[4],"16":[3],"17":[0],"18":[1],"19":[0],"20":[1],"21":[0],"22":[50],"23":[44],"24":[6],"25":[11],"26":[0],"27":[17],"28":[0],"29":[1],"30":[17],"31":[0],"32":[0],"33":[0],"34":[10],"35":[1],"36":[0],"37":[1],"38":[0],"39":[1],"40":[8],"41":[17],"42":[11],"43":[24],"44":[11],"45":[13],"46":[11],"47":[8],"48":[17]},"fnMap":{"0":{"name":"categorize","decl":{"start":{"line":24,"column":0},"end":{"line":36,"column":1}},"loc":{"start":{"line":24,"column":0},"end":{"line":36,"column":1}},"line":24},"1":{"name":"compareDecimal","decl":{"start":{"line":44,"column":0},"end":{"line":50,"column":1}},"loc":{"start":{"line":44,"column":0},"end":{"line":50,"column":1}},"line":44},"2":{"name":"splitSign","decl":{"start":{"line":52,"column":0},"end":{"line":55,"column":1}},"loc":{"start":{"line":52,"column":0},"end":{"line":55,"column":1}},"line":52},"3":{"name":"compareAbsDecimal","decl":{"start":{"line":57,"column":0},"end":{"line":71,"column":1}},"loc":{"start":{"line":57,"column":0},"end":{"line":71,"column":1}},"line":57},"4":{"name":"splitDecimal","decl":{"start":{"line":73,"column":0},"end":{"line":77,"column":1}},"loc":{"start":{"line":73,"column":0},"end":{"line":77,"column":1}},"line":73},"5":{"name":"sumDecimals","decl":{"start":{"line":85,"column":0},"end":{"line":113,"column":1}},"loc":{"start":{"line":85,"column":0},"end":{"line":113,"column":1}},"line":85},"6":{"name":"groupAccountsByCategory","decl":{"start":{"line":123,"column":7},"end":{"line":144,"column":1}},"loc":{"start":{"line":123,"column":7},"end":{"line":144,"column":1}},"line":123}},"f":{"0":17,"1":8,"2":16,"3":8,"4":50,"5":11,"6":8}}
}
